<?xml version="1.0" encoding="UTF-8"?>
<!-- Generated by org.testng.reporters.JUnitReportReporter -->
<testsuite hostname="LAPTOP-3TPIJJ25" failures="0" tests="2" name="qaclickacadamy.Mavenjava.SeliniumTest" time="0.000" errors="0" timestamp="2020-11-18T10:06:20 IST" skipped="0">
  <testcase classname="qaclickacadamy.Mavenjava.SeliniumTest" name="IOSApps" time="0.000"/>
  <system-out/>
  <testcase classname="qaclickacadamy.Mavenjava.SeliniumTest" name="NativeAppAndroid" time="0.000"/>
  <system-out/>
</testsuite> <!-- qaclickacadamy.Mavenjava.SeliniumTest -->
