<?xml version="1.0" encoding="UTF-8"?>
<!-- Generated by org.testng.reporters.JUnitReportReporter -->
<testsuite hostname="LAPTOP-3TPIJJ25" failures="0" tests="2" name="qaclickacadamy.Mavenjava.AppiummTest" time="0.005" errors="0" timestamp="2020-11-18T10:06:20 IST" skipped="0">
  <testcase classname="qaclickacadamy.Mavenjava.AppiummTest" name="deleteTwitter" time="0.004"/>
  <system-out/>
  <testcase classname="qaclickacadamy.Mavenjava.AppiummTest" name="postjira" time="0.001"/>
  <system-out/>
</testsuite> <!-- qaclickacadamy.Mavenjava.AppiummTest -->
